2018-08-28 16:24:31,052;INFO;PrintTool.printStartMessage;Line:34;Message:Beginning: abc...
2018-08-28 16:24:32,052;INFO;PrintTool.printStartMessage;Line:34;Message:Beginning: abcd...
2018-08-28 16:24:34,053;INFO;PrintTool.printEndMessage;Line:45;Message:Finishing: abcd                                               spending:   2001 ms, max:   2001 ms, min:   2001 ms, avg:   2001 ms
2018-08-28 16:24:35,053;INFO;PrintTool.printEndMessage;Line:45;Message:Finishing: abc                                                spending:   4002 ms, max:   4002 ms, min:   4002 ms, avg:   4002 ms
2018-08-28 16:24:35,053;INFO;PrintTool.printStartMessage;Line:34;Message:Beginning: abc...
2018-08-28 16:24:38,053;INFO;PrintTool.printStartMessage;Line:34;Message:Beginning: abcd...
2018-08-28 16:24:39,053;INFO;PrintTool.printEndMessage;Line:45;Message:Finishing: abcd                                               spending:   1000 ms, max:   2001 ms, min:   1000 ms, avg:   1500 ms
2018-08-28 16:24:40,055;INFO;PrintTool.printEndMessage;Line:45;Message:Finishing: abc                                                spending:   5001 ms, max:   5001 ms, min:   4002 ms, avg:   4501 ms
2018-08-28 16:24:40,055;INFO;PrintTool.printStartMessage;Line:34;Message:Beginning: abc...
2018-08-28 16:24:41,055;INFO;PrintTool.printStartMessage;Line:34;Message:Beginning: abcd...
2018-08-28 16:24:43,055;INFO;PrintTool.printEndMessage;Line:45;Message:Finishing: abcd                                               spending:   2000 ms, max:   2001 ms, min:   1000 ms, avg:   1667 ms
2018-08-28 16:24:44,055;INFO;PrintTool.printEndMessage;Line:45;Message:Finishing: abc                                                spending:   4000 ms, max:   5001 ms, min:   4000 ms, avg:   4334 ms
2018-08-28 16:26:41,046;INFO;PrintTool.printStartMessage;Line:34;Message:Beginning: Ieee xplore spider...
2018-08-28 16:27:36,846;INFO;PrintTool.printStartMessage;Line:34;Message:Beginning: Ieee xplore spider...
2018-08-28 16:27:36,848;INFO;PrintTool.printStartMessage;Line:34;Message:Beginning: initiate...
2018-08-28 16:27:41,151;INFO;PrintTool.printEndMessage;Line:45;Message:Finishing: initiate                                           spending:   4303 ms, max:   4303 ms, min:   4303 ms, avg:   4303 ms
2018-08-28 16:27:41,151;INFO;PrintTool.printStartMessage;Line:34;Message:Beginning: processes...
2018-08-28 16:27:41,151;INFO;PrintTool.printStartMessage;Line:34;Message:Beginning: query articles by keywords:swarm...
2018-08-28 16:27:42,924;INFO;PrintTool.printEndMessage;Line:45;Message:Finishing: query articles by keywords:swarm                   spending:   1773 ms, max:   1773 ms, min:   1773 ms, avg:   1773 ms
2018-08-28 16:27:42,924;INFO;PrintTool.printStartMessage;Line:34;Message:Beginning: processes result set...
2018-08-28 16:27:42,924;INFO;PrintTool.printStartMessage;Line:34;Message:Beginning: processes result:...
2018-08-28 16:27:42,924;INFO;PrintTool.printStartMessage;Line:34;Message:Beginning: gets pdf url...
2018-08-28 16:27:47,009;INFO;PrintTool.printEndMessage;Line:45;Message:Finishing: gets pdf url                                       spending:   4084 ms, max:   4084 ms, min:   4084 ms, avg:   4084 ms
2018-08-28 16:27:47,009;INFO;PrintTool.printStartMessage;Line:34;Message:Beginning: gets pdf file...
2018-08-28 16:27:58,408;INFO;PrintTool.printEndMessage;Line:45;Message:Finishing: gets pdf file                                      spending:  11399 ms, max:  11399 ms, min:  11399 ms, avg:  11399 ms
2018-08-28 16:27:58,408;INFO;PrintTool.printStartMessage;Line:34;Message:Beginning: inserts pdf file into the database...
2018-08-28 16:27:59,785;INFO;PrintTool.printEndMessage;Line:45;Message:Finishing: inserts pdf file into the database                 spending:   1376 ms, max:   1376 ms, min:   1376 ms, avg:   1376 ms
2018-08-28 16:27:59,785;INFO;PrintTool.printStartMessage;Line:34;Message:Beginning: inserts articles into the database...
2018-08-28 16:27:59,979;INFO;PrintTool.printEndMessage;Line:45;Message:Finishing: inserts articles into the database                 spending:    194 ms, max:    194 ms, min:    194 ms, avg:    194 ms
2018-08-28 16:27:59,980;INFO;PrintTool.printEndMessage;Line:45;Message:Finishing: processes result:                                  spending:  17055 ms, max:  17055 ms, min:  17055 ms, avg:  17055 ms
2018-08-28 16:27:59,980;INFO;PrintTool.printStartMessage;Line:34;Message:Beginning: processes result:...
2018-08-28 16:27:59,980;INFO;PrintTool.printStartMessage;Line:34;Message:Beginning: gets pdf url...
2018-08-28 16:28:02,138;INFO;PrintTool.printEndMessage;Line:45;Message:Finishing: gets pdf url                                       spending:   2157 ms, max:   4084 ms, min:   2157 ms, avg:   3120 ms
2018-08-28 16:28:02,138;INFO;PrintTool.printStartMessage;Line:34;Message:Beginning: gets pdf file...
2018-08-28 16:28:08,663;INFO;PrintTool.printEndMessage;Line:45;Message:Finishing: gets pdf file                                      spending:   6525 ms, max:  11399 ms, min:   6525 ms, avg:   8962 ms
2018-08-28 16:28:08,663;INFO;PrintTool.printStartMessage;Line:34;Message:Beginning: inserts pdf file into the database...
2018-08-28 16:28:09,081;INFO;PrintTool.printEndMessage;Line:45;Message:Finishing: inserts pdf file into the database                 spending:    418 ms, max:   1376 ms, min:    418 ms, avg:    897 ms
2018-08-28 16:28:09,081;INFO;PrintTool.printStartMessage;Line:34;Message:Beginning: inserts articles into the database...
2018-08-28 16:28:09,270;INFO;PrintTool.printEndMessage;Line:45;Message:Finishing: inserts articles into the database                 spending:    190 ms, max:    194 ms, min:    190 ms, avg:    192 ms
2018-08-28 16:28:09,270;INFO;PrintTool.printEndMessage;Line:45;Message:Finishing: processes result:                                  spending:   9291 ms, max:  17055 ms, min:   9291 ms, avg:  13173 ms
2018-08-28 16:28:09,270;INFO;PrintTool.printStartMessage;Line:34;Message:Beginning: processes result:...
2018-08-28 16:28:09,270;INFO;PrintTool.printStartMessage;Line:34;Message:Beginning: gets pdf url...
2018-08-28 16:28:11,578;INFO;PrintTool.printEndMessage;Line:45;Message:Finishing: gets pdf url                                       spending:   2307 ms, max:   4084 ms, min:   2157 ms, avg:   2849 ms
2018-08-28 16:28:11,578;INFO;PrintTool.printStartMessage;Line:34;Message:Beginning: gets pdf file...
2018-08-28 16:28:21,535;INFO;PrintTool.printEndMessage;Line:45;Message:Finishing: gets pdf file                                      spending:   9957 ms, max:  11399 ms, min:   6525 ms, avg:   9293 ms
2018-08-28 16:28:21,535;INFO;PrintTool.printStartMessage;Line:34;Message:Beginning: inserts pdf file into the database...
2018-08-28 16:28:21,951;INFO;PrintTool.printEndMessage;Line:45;Message:Finishing: inserts pdf file into the database                 spending:    417 ms, max:   1376 ms, min:    417 ms, avg:    737 ms
2018-08-28 16:28:21,951;INFO;PrintTool.printStartMessage;Line:34;Message:Beginning: inserts articles into the database...
2018-08-28 16:28:22,145;INFO;PrintTool.printEndMessage;Line:45;Message:Finishing: inserts articles into the database                 spending:    194 ms, max:    194 ms, min:    190 ms, avg:    192 ms
2018-08-28 16:28:22,145;INFO;PrintTool.printEndMessage;Line:45;Message:Finishing: processes result:                                  spending:  12875 ms, max:  17055 ms, min:   9291 ms, avg:  13073 ms
2018-08-28 16:28:22,145;INFO;PrintTool.printStartMessage;Line:34;Message:Beginning: processes result:...
2018-08-28 16:28:22,145;INFO;PrintTool.printStartMessage;Line:34;Message:Beginning: gets pdf url...
2018-08-28 16:28:24,525;INFO;PrintTool.printEndMessage;Line:45;Message:Finishing: gets pdf url                                       spending:   2379 ms, max:   4084 ms, min:   2157 ms, avg:   2731 ms
2018-08-28 16:28:24,526;INFO;PrintTool.printStartMessage;Line:34;Message:Beginning: gets pdf file...
2018-08-28 16:28:27,043;INFO;PrintTool.printEndMessage;Line:45;Message:Finishing: gets pdf file                                      spending:   2518 ms, max:  11399 ms, min:   2518 ms, avg:   7599 ms
2018-08-28 16:28:27,043;INFO;PrintTool.printStartMessage;Line:34;Message:Beginning: inserts pdf file into the database...
2018-08-28 16:28:27,243;INFO;PrintTool.printEndMessage;Line:45;Message:Finishing: inserts pdf file into the database                 spending:    200 ms, max:   1376 ms, min:    200 ms, avg:    602 ms
2018-08-28 16:28:27,243;INFO;PrintTool.printStartMessage;Line:34;Message:Beginning: inserts articles into the database...
2018-08-28 16:28:27,453;INFO;PrintTool.printEndMessage;Line:45;Message:Finishing: inserts articles into the database                 spending:    210 ms, max:    210 ms, min:    190 ms, avg:    197 ms
2018-08-28 16:28:27,453;INFO;PrintTool.printEndMessage;Line:45;Message:Finishing: processes result:                                  spending:   5308 ms, max:  17055 ms, min:   5308 ms, avg:  11132 ms
2018-08-28 16:28:27,453;INFO;PrintTool.printStartMessage;Line:34;Message:Beginning: processes result:...
2018-08-28 16:28:27,453;INFO;PrintTool.printStartMessage;Line:34;Message:Beginning: gets pdf url...
2018-08-28 16:28:29,891;INFO;PrintTool.printEndMessage;Line:45;Message:Finishing: gets pdf url                                       spending:   2438 ms, max:   4084 ms, min:   2157 ms, avg:   2673 ms
2018-08-28 16:28:29,891;INFO;PrintTool.printStartMessage;Line:34;Message:Beginning: gets pdf file...
2018-08-28 16:29:27,368;INFO;PrintTool.printEndMessage;Line:45;Message:Finishing: gets pdf file                                      spending:  57476 ms, max:  57476 ms, min:   2518 ms, avg:  17575 ms
2018-08-28 16:29:27,368;INFO;PrintTool.printStartMessage;Line:34;Message:Beginning: inserts pdf file into the database...
2018-08-28 16:29:31,266;INFO;PrintTool.printEndMessage;Line:45;Message:Finishing: inserts pdf file into the database                 spending:   3897 ms, max:   3897 ms, min:    200 ms, avg:   1261 ms
2018-08-28 16:29:31,266;INFO;PrintTool.printStartMessage;Line:34;Message:Beginning: inserts articles into the database...
2018-08-28 16:29:31,457;INFO;PrintTool.printEndMessage;Line:45;Message:Finishing: inserts articles into the database                 spending:    192 ms, max:    210 ms, min:    190 ms, avg:    196 ms
2018-08-28 16:29:31,457;INFO;PrintTool.printEndMessage;Line:45;Message:Finishing: processes result:                                  spending:  64004 ms, max:  64004 ms, min:   5308 ms, avg:  21706 ms
2018-08-28 16:29:31,457;INFO;PrintTool.printEndMessage;Line:45;Message:Finishing: processes result set                               spending: 108533 ms, max: 108533 ms, min: 108533 ms, avg: 108533 ms
2018-08-28 16:29:31,459;INFO;PrintTool.printEndMessage;Line:45;Message:Finishing: processes                                          spending: 110308 ms, max: 110308 ms, min: 110308 ms, avg: 110308 ms
2018-08-28 16:29:31,459;INFO;PrintTool.printEndMessage;Line:45;Message:Finishing: Ieee xplore spider                                 spending: 114612 ms, max: 114612 ms, min: 114612 ms, avg: 114612 ms
